<?xml version="1.0" encoding="UTF-8"?>
<!-- Generated by org.testng.reporters.JUnitReportReporter -->
<testsuite skipped="0" hostname="IQA_Yogesh-T" name="com.tests.LoginTest" tests="2" failures="0" timestamp="2020-04-28T06:47:04 IST" time="33.944" errors="0">
  <testcase name="freeCrmTitleTest" time="16.277" classname="com.tests.LoginTest"/>
  <system-out/>
  <testcase name="freemCRMLogoTest" time="17.667" classname="com.tests.LoginTest"/>
  <system-out/>
</testsuite> <!-- com.tests.LoginTest -->
